<?xml version="1.0" encoding="UTF-8"?>
<robot generator="Robot 6.1.1 (Python 3.14.0 on win32)" generated="20251117 13:48:43.649" rpa="false" schemaversion="4">
<suite id="s1" name="Tests" source="C:\Users\xeanr\ohjelmistotuotanto\riippuvuudet\osa3\login-robot\src\tests">
<suite id="s1-s1" name="Login" source="C:\Users\xeanr\ohjelmistotuotanto\riippuvuudet\osa3\login-robot\src\tests\login.robot">
<test id="s1-s1-t1" name="Login With Correct Credentials" line="6">
<kw name="Create User And Input Login Command" type="SETUP">
<kw name="Create User" library="AppLibrary">
<arg>kalle</arg>
<arg>kalle123</arg>
<status status="PASS" starttime="20251117 13:48:43.687" endtime="20251117 13:48:43.687"/>
</kw>
<kw name="Input Login Command" library="resource">
<kw name="Input" library="AppLibrary">
<arg>login</arg>
<status status="PASS" starttime="20251117 13:48:43.687" endtime="20251117 13:48:43.687"/>
</kw>
<status status="PASS" starttime="20251117 13:48:43.687" endtime="20251117 13:48:43.687"/>
</kw>
<status status="PASS" starttime="20251117 13:48:43.686" endtime="20251117 13:48:43.687"/>
</kw>
<kw name="Input Credentials" library="resource">
<arg>kalle</arg>
<arg>kalle123</arg>
<kw name="Input" library="AppLibrary">
<arg>${username}</arg>
<status status="PASS" starttime="20251117 13:48:43.687" endtime="20251117 13:48:43.688"/>
</kw>
<kw name="Input" library="AppLibrary">
<arg>${password}</arg>
<status status="PASS" starttime="20251117 13:48:43.688" endtime="20251117 13:48:43.688"/>
</kw>
<kw name="Run Application" library="AppLibrary">
<status status="PASS" starttime="20251117 13:48:43.688" endtime="20251117 13:48:43.688"/>
</kw>
<status status="PASS" starttime="20251117 13:48:43.687" endtime="20251117 13:48:43.688"/>
</kw>
<kw name="Output Should Contain" library="AppLibrary">
<arg>Logged in</arg>
<status status="PASS" starttime="20251117 13:48:43.688" endtime="20251117 13:48:43.688"/>
</kw>
<status status="PASS" starttime="20251117 13:48:43.686" endtime="20251117 13:48:43.688"/>
</test>
<test id="s1-s1-t2" name="Login With Incorrect Password" line="10">
<kw name="Create User And Input Login Command" type="SETUP">
<kw name="Create User" library="AppLibrary">
<arg>kalle</arg>
<arg>kalle123</arg>
<status status="PASS" starttime="20251117 13:48:43.689" endtime="20251117 13:48:43.689"/>
</kw>
<kw name="Input Login Command" library="resource">
<kw name="Input" library="AppLibrary">
<arg>login</arg>
<status status="PASS" starttime="20251117 13:48:43.689" endtime="20251117 13:48:43.689"/>
</kw>
<status status="PASS" starttime="20251117 13:48:43.689" endtime="20251117 13:48:43.689"/>
</kw>
<status status="PASS" starttime="20251117 13:48:43.689" endtime="20251117 13:48:43.689"/>
</kw>
<kw name="Input Credentials" library="resource">
<arg>kalle</arg>
<arg>kalle999</arg>
<kw name="Input" library="AppLibrary">
<arg>${username}</arg>
<status status="PASS" starttime="20251117 13:48:43.690" endtime="20251117 13:48:43.690"/>
</kw>
<kw name="Input" library="AppLibrary">
<arg>${password}</arg>
<status status="PASS" starttime="20251117 13:48:43.690" endtime="20251117 13:48:43.690"/>
</kw>
<kw name="Run Application" library="AppLibrary">
<status status="PASS" starttime="20251117 13:48:43.690" endtime="20251117 13:48:43.690"/>
</kw>
<status status="PASS" starttime="20251117 13:48:43.690" endtime="20251117 13:48:43.690"/>
</kw>
<kw name="Output Should Contain" library="AppLibrary">
<arg>Invalid username or password</arg>
<status status="PASS" starttime="20251117 13:48:43.690" endtime="20251117 13:48:43.691"/>
</kw>
<status status="PASS" starttime="20251117 13:48:43.689" endtime="20251117 13:48:43.691"/>
</test>
<test id="s1-s1-t3" name="Login With Nonexistent Username" line="14">
<kw name="Create User And Input Login Command" type="SETUP">
<kw name="Create User" library="AppLibrary">
<arg>kalle</arg>
<arg>kalle123</arg>
<status status="PASS" starttime="20251117 13:48:43.691" endtime="20251117 13:48:43.692"/>
</kw>
<kw name="Input Login Command" library="resource">
<kw name="Input" library="AppLibrary">
<arg>login</arg>
<status status="PASS" starttime="20251117 13:48:43.692" endtime="20251117 13:48:43.692"/>
</kw>
<status status="PASS" starttime="20251117 13:48:43.692" endtime="20251117 13:48:43.692"/>
</kw>
<status status="PASS" starttime="20251117 13:48:43.691" endtime="20251117 13:48:43.692"/>
</kw>
<kw name="Input Credentials" library="resource">
<arg>pirkko</arg>
<arg>kalle123</arg>
<kw name="Input" library="AppLibrary">
<arg>${username}</arg>
<status status="PASS" starttime="20251117 13:48:43.692" endtime="20251117 13:48:43.692"/>
</kw>
<kw name="Input" library="AppLibrary">
<arg>${password}</arg>
<status status="PASS" starttime="20251117 13:48:43.692" endtime="20251117 13:48:43.692"/>
</kw>
<kw name="Run Application" library="AppLibrary">
<status status="PASS" starttime="20251117 13:48:43.692" endtime="20251117 13:48:43.692"/>
</kw>
<status status="PASS" starttime="20251117 13:48:43.692" endtime="20251117 13:48:43.693"/>
</kw>
<kw name="Output Should Contain" library="AppLibrary">
<arg>Invalid username or password</arg>
<status status="PASS" starttime="20251117 13:48:43.693" endtime="20251117 13:48:43.693"/>
</kw>
<status status="PASS" starttime="20251117 13:48:43.691" endtime="20251117 13:48:43.693"/>
</test>
<status status="PASS" starttime="20251117 13:48:43.676" endtime="20251117 13:48:43.694"/>
</suite>
<suite id="s1-s2" name="Register" source="C:\Users\xeanr\ohjelmistotuotanto\riippuvuudet\osa3\login-robot\src\tests\register.robot">
<test id="s1-s2-t1" name="Register With Valid Username And Password" line="6">
<kw name="Create User And Input Login Command" type="SETUP">
<kw name="Create User" library="AppLibrary">
<arg>kalle</arg>
<arg>kalle123</arg>
<status status="PASS" starttime="20251117 13:48:43.697" endtime="20251117 13:48:43.697"/>
</kw>
<kw name="Input Login Command" library="resource">
<kw name="Input" library="AppLibrary">
<arg>login</arg>
<status status="PASS" starttime="20251117 13:48:43.697" endtime="20251117 13:48:43.697"/>
</kw>
<status status="PASS" starttime="20251117 13:48:43.697" endtime="20251117 13:48:43.697"/>
</kw>
<status status="PASS" starttime="20251117 13:48:43.697" endtime="20251117 13:48:43.697"/>
</kw>
<kw name="Input" library="AppLibrary">
<arg>mikko</arg>
<status status="PASS" starttime="20251117 13:48:43.697" endtime="20251117 13:48:43.697"/>
</kw>
<kw name="Input" library="AppLibrary">
<arg>mikko123</arg>
<status status="PASS" starttime="20251117 13:48:43.698" endtime="20251117 13:48:43.698"/>
</kw>
<status status="PASS" starttime="20251117 13:48:43.696" endtime="20251117 13:48:43.698"/>
</test>
<status status="PASS" starttime="20251117 13:48:43.694" endtime="20251117 13:48:43.698"/>
</suite>
<status status="PASS" starttime="20251117 13:48:43.650" endtime="20251117 13:48:43.699"/>
</suite>
<statistics>
<total>
<stat pass="4" fail="0" skip="0">All Tests</stat>
</total>
<tag>
</tag>
<suite>
<stat pass="4" fail="0" skip="0" id="s1" name="Tests">Tests</stat>
<stat pass="3" fail="0" skip="0" id="s1-s1" name="Login">Tests.Login</stat>
<stat pass="1" fail="0" skip="0" id="s1-s2" name="Register">Tests.Register</stat>
</suite>
</statistics>
<errors>
</errors>
</robot>
